<?xml version="1.0" encoding="UTF-8" ?>
<testsuite tests="99" failures="0" name="org.jsoup.nodes.ElementTest" time="0.052" errors="0" skipped="0">
  <properties>
    <property name="java.runtime.name" value="Java(TM) SE Runtime Environment"/>
    <property name="java.vm.version" value="19.0.2+7-44"/>
    <property name="sun.boot.library.path" value="/Library/Java/JavaVirtualMachines/jdk-19.jdk/Contents/Home/lib"/>
    <property name="maven.multiModuleProjectDirectory" value="/Users/nikithareddysankepally/Desktop/CS527"/>
    <property name="java.vm.vendor" value="Oracle Corporation"/>
    <property name="java.vendor.url" value="https://java.oracle.com/"/>
    <property name="guice.disable.misplaced.annotation.check" value="true"/>
    <property name="path.separator" value=":"/>
    <property name="java.vm.name" value="Java HotSpot(TM) 64-Bit Server VM"/>
    <property name="user.country" value="US"/>
    <property name="sun.java.launcher" value="SUN_STANDARD"/>
    <property name="java.vm.specification.name" value="Java Virtual Machine Specification"/>
    <property name="user.dir" value="/Users/nikithareddysankepally/Desktop/CS527"/>
    <property name="java.vm.compressedOopsMode" value="Zero based"/>
    <property name="java.runtime.version" value="19.0.2+7-44"/>
    <property name="os.arch" value="aarch64"/>
    <property name="java.io.tmpdir" value="/var/folders/r6/0c9_3hzj7gn8gtn7_wtnlc500000gn/T/"/>
    <property name="line.separator" value="
"/>
    <property name="java.vm.specification.vendor" value="Oracle Corporation"/>
    <property name="stderr.encoding" value="UTF-8"/>
    <property name="os.name" value="Mac OS X"/>
    <property name="classworlds.conf" value="/Users/nikithareddysankepally/apache-maven-3.8.7/bin/m2.conf"/>
    <property name="sun.jnu.encoding" value="UTF-8"/>
    <property name="stdout.encoding" value="UTF-8"/>
    <property name="java.library.path" value="/Users/nikithareddysankepally/Library/Java/Extensions:/Library/Java/Extensions:/Network/Library/Java/Extensions:/System/Library/Java/Extensions:/usr/lib/java:."/>
    <property name="maven.conf" value="/Users/nikithareddysankepally/apache-maven-3.8.7/conf"/>
    <property name="jdk.debug" value="release"/>
    <property name="java.class.version" value="63.0"/>
    <property name="java.specification.name" value="Java Platform API Specification"/>
    <property name="sun.management.compiler" value="HotSpot 64-Bit Tiered Compilers"/>
    <property name="os.version" value="12.4"/>
    <property name="library.jansi.path" value="/Users/nikithareddysankepally/apache-maven-3.8.7/lib/jansi-native"/>
    <property name="http.nonProxyHosts" value="local|*.local|169.254/16|*.169.254/16"/>
    <property name="user.home" value="/Users/nikithareddysankepally"/>
    <property name="user.timezone" value="America/Chicago"/>
    <property name="file.encoding" value="UTF-8"/>
    <property name="java.specification.version" value="19"/>
    <property name="user.name" value="nikithareddysankepally"/>
    <property name="java.class.path" value="/Users/nikithareddysankepally/apache-maven-3.8.7/boot/plexus-classworlds-2.6.0.jar"/>
    <property name="java.vm.specification.version" value="19"/>
    <property name="sun.arch.data.model" value="64"/>
    <property name="sun.java.command" value="org.codehaus.plexus.classworlds.launcher.Launcher test"/>
    <property name="java.home" value="/Library/Java/JavaVirtualMachines/jdk-19.jdk/Contents/Home"/>
    <property name="apple.awt.application.name" value="Launcher"/>
    <property name="user.language" value="en"/>
    <property name="java.specification.vendor" value="Oracle Corporation"/>
    <property name="java.vm.info" value="mixed mode, sharing"/>
    <property name="java.version" value="19.0.2"/>
    <property name="native.encoding" value="UTF-8"/>
    <property name="java.vendor" value="Oracle Corporation"/>
    <property name="maven.home" value="/Users/nikithareddysankepally/apache-maven-3.8.7"/>
    <property name="file.separator" value="/"/>
    <property name="java.version.date" value="2023-01-17"/>
    <property name="java.vendor.url.bug" value="https://bugreport.java.com/bugreport/"/>
    <property name="sun.io.unicode.encoding" value="UnicodeBig"/>
    <property name="sun.cpu.endian" value="little"/>
    <property name="socksNonProxyHosts" value="local|*.local|169.254/16|*.169.254/16"/>
    <property name="ftp.nonProxyHosts" value="local|*.local|169.254/16|*.169.254/16"/>
  </properties>
  <testcase classname="org.jsoup.nodes.ElementTest" name="testFormatOutline" time="0.001"/>
  <testcase classname="org.jsoup.nodes.ElementTest" name="parentlessToString" time="0"/>
  <testcase classname="org.jsoup.nodes.ElementTest" name="insertChildrenArgumentValidation" time="0.001"/>
  <testcase classname="org.jsoup.nodes.ElementTest" name="testPrependElement" time="0"/>
  <testcase classname="org.jsoup.nodes.ElementTest" name="testOuterHtml" time="0.001"/>
  <testcase classname="org.jsoup.nodes.ElementTest" name="testHashcodeIsStableWithContentChanges" time="0"/>
  <testcase classname="org.jsoup.nodes.ElementTest" name="voidTestFilterCallReturnsElement" time="0"/>
  <testcase classname="org.jsoup.nodes.ElementTest" name="elementByTagName" time="0"/>
  <testcase classname="org.jsoup.nodes.ElementTest" name="testClonesClassnames" time="0"/>
  <testcase classname="org.jsoup.nodes.ElementTest" name="appendMustCorrectlyMoveChildrenInsideOneParentElement" time="0"/>
  <testcase classname="org.jsoup.nodes.ElementTest" name="before" time="0.001"/>
  <testcase classname="org.jsoup.nodes.ElementTest" name="testRemoveBeforeIndex" time="0"/>
  <testcase classname="org.jsoup.nodes.ElementTest" name="testChainedRemoveAttributes" time="0"/>
  <testcase classname="org.jsoup.nodes.ElementTest" name="booleanAttributeOutput" time="0"/>
  <testcase classname="org.jsoup.nodes.ElementTest" name="testAddNewHtml" time="0"/>
  <testcase classname="org.jsoup.nodes.ElementTest" name="testAddNewText" time="0"/>
  <testcase classname="org.jsoup.nodes.ElementTest" name="testPreviousElementSiblings" time="0"/>
  <testcase classname="org.jsoup.nodes.ElementTest" name="testGetElementById" time="0"/>
  <testcase classname="org.jsoup.nodes.ElementTest" name="testClone" time="0"/>
  <testcase classname="org.jsoup.nodes.ElementTest" name="testHtmlContainsOuter" time="0.001"/>
  <testcase classname="org.jsoup.nodes.ElementTest" name="testClassDomMethods" time="0"/>
  <testcase classname="org.jsoup.nodes.ElementTest" name="testRoot" time="0"/>
  <testcase classname="org.jsoup.nodes.ElementTest" name="testWrap" time="0"/>
  <testcase classname="org.jsoup.nodes.ElementTest" name="testNamespacedElements" time="0"/>
  <testcase classname="org.jsoup.nodes.ElementTest" name="testClassNames" time="0.001"/>
  <testcase classname="org.jsoup.nodes.ElementTest" name="testElementSiblingIndex" time="0"/>
  <testcase classname="org.jsoup.nodes.ElementTest" name="testIs" time="0.001"/>
  <testcase classname="org.jsoup.nodes.ElementTest" name="testEmptyElementFormatHtml" time="0"/>
  <testcase classname="org.jsoup.nodes.ElementTest" name="testLoopedRemoveAttributes" time="0"/>
  <testcase classname="org.jsoup.nodes.ElementTest" name="testShadowElementsAreUpdated" time="0"/>
  <testcase classname="org.jsoup.nodes.ElementTest" name="testKeepsPreTextAtDepth" time="0.001"/>
  <testcase classname="org.jsoup.nodes.ElementTest" name="testGetElementsWithAttribute" time="0"/>
  <testcase classname="org.jsoup.nodes.ElementTest" name="testNoIndentOnScriptAndStyle" time="0"/>
  <testcase classname="org.jsoup.nodes.ElementTest" name="testAppendRowToTable" time="0"/>
  <testcase classname="org.jsoup.nodes.ElementTest" name="testGetElementsWithClass" time="0.001"/>
  <testcase classname="org.jsoup.nodes.ElementTest" name="testShallowClone" time="0"/>
  <testcase classname="org.jsoup.nodes.ElementTest" name="testWrapWithRemainder" time="0"/>
  <testcase classname="org.jsoup.nodes.ElementTest" name="testClearAttributes" time="0"/>
  <testcase classname="org.jsoup.nodes.ElementTest" name="testKeepsPreTextInCode" time="0"/>
  <testcase classname="org.jsoup.nodes.ElementTest" name="testHasClassDomMethods" time="0"/>
  <testcase classname="org.jsoup.nodes.ElementTest" name="testGetParents" time="0"/>
  <testcase classname="org.jsoup.nodes.ElementTest" name="testGetText" time="0"/>
  <testcase classname="org.jsoup.nodes.ElementTest" name="getElementsByTagName" time="0"/>
  <testcase classname="org.jsoup.nodes.ElementTest" name="testFormatHtml" time="0"/>
  <testcase classname="org.jsoup.nodes.ElementTest" name="testGetElementsWithAttributeValue" time="0"/>
  <testcase classname="org.jsoup.nodes.ElementTest" name="testWholeText" time="0"/>
  <testcase classname="org.jsoup.nodes.ElementTest" name="testGetElementsWithAttributeDash" time="0"/>
  <testcase classname="org.jsoup.nodes.ElementTest" name="testManipulateTextNodes" time="0"/>
  <testcase classname="org.jsoup.nodes.ElementTest" name="testChildThrowsIndexOutOfBoundsOnMissing" time="0.001"/>
  <testcase classname="org.jsoup.nodes.ElementTest" name="testPrependRowToTable" time="0"/>
  <testcase classname="org.jsoup.nodes.ElementTest" name="testGetTextNodes" time="0.001"/>
  <testcase classname="org.jsoup.nodes.ElementTest" name="after" time="0"/>
  <testcase classname="org.jsoup.nodes.ElementTest" name="testContainerOutput" time="0"/>
  <testcase classname="org.jsoup.nodes.ElementTest" name="testInnerHtml" time="0"/>
  <testcase classname="org.jsoup.nodes.ElementTest" name="testHasText" time="0"/>
  <testcase classname="org.jsoup.nodes.ElementTest" name="testRemoveAttr" time="0"/>
  <testcase classname="org.jsoup.nodes.ElementTest" name="textHasSpaceBetweenDivAndCenterTags" time="0"/>
  <testcase classname="org.jsoup.nodes.ElementTest" name="testGetDataNodes" time="0"/>
  <testcase classname="org.jsoup.nodes.ElementTest" name="testCssPath" time="0.028"/>
  <testcase classname="org.jsoup.nodes.ElementTest" name="testSetHtmlTitle" time="0"/>
  <testcase classname="org.jsoup.nodes.ElementTest" name="testChildrenElements" time="0.002"/>
  <testcase classname="org.jsoup.nodes.ElementTest" name="moveByAppend" time="0"/>
  <testcase classname="org.jsoup.nodes.ElementTest" name="testNormalisesText" time="0"/>
  <testcase classname="org.jsoup.nodes.ElementTest" name="testClassUpdates" time="0.001"/>
  <testcase classname="org.jsoup.nodes.ElementTest" name="testAddNewElement" time="0"/>
  <testcase classname="org.jsoup.nodes.ElementTest" name="testHashAndEqualsAndValue" time="0"/>
  <testcase classname="org.jsoup.nodes.ElementTest" name="testElementSiblingIndexSameContent" time="0"/>
  <testcase classname="org.jsoup.nodes.ElementTest" name="testGetChildText" time="0.001"/>
  <testcase classname="org.jsoup.nodes.ElementTest" name="testRelativeUrls" time="0.001"/>
  <testcase classname="org.jsoup.nodes.ElementTest" name="testSetIndent" time="0.001"/>
  <testcase classname="org.jsoup.nodes.ElementTest" name="testThrowsOnAddNullText" time="0"/>
  <testcase classname="org.jsoup.nodes.ElementTest" name="testGetSiblingsWithDuplicateContent" time="0"/>
  <testcase classname="org.jsoup.nodes.ElementTest" name="testNormalizesInvisiblesInText" time="0"/>
  <testcase classname="org.jsoup.nodes.ElementTest" name="insertChildrenAsCopy" time="0.001"/>
  <testcase classname="org.jsoup.nodes.ElementTest" name="testTagNameSet" time="0"/>
  <testcase classname="org.jsoup.nodes.ElementTest" name="dataset" time="0.001"/>
  <testcase classname="org.jsoup.nodes.ElementTest" name="testPrependText" time="0"/>
  <testcase classname="org.jsoup.nodes.ElementTest" name="testNormalizesNbspInText" time="0"/>
  <testcase classname="org.jsoup.nodes.ElementTest" name="testRemoveAfterIndex" time="0"/>
  <testcase classname="org.jsoup.nodes.ElementTest" name="testThrowsOnPrependNullText" time="0"/>
  <testcase classname="org.jsoup.nodes.ElementTest" name="testGetSiblings" time="0.001"/>
  <testcase classname="org.jsoup.nodes.ElementTest" name="testSetHtml" time="0"/>
  <testcase classname="org.jsoup.nodes.ElementTest" name="testSetText" time="0"/>
  <testcase classname="org.jsoup.nodes.ElementTest" name="testNextElementSiblings" time="0"/>
  <testcase classname="org.jsoup.nodes.ElementTest" name="testAddBooleanAttribute" time="0"/>
  <testcase classname="org.jsoup.nodes.ElementTest" name="textHasSpaceAfterBlockTags" time="0.001"/>
  <testcase classname="org.jsoup.nodes.ElementTest" name="whiteSpaceClassElement" time="0"/>
  <testcase classname="org.jsoup.nodes.ElementTest" name="classNamesAndAttributeNameIsCaseInsensitive" time="0"/>
  <testcase classname="org.jsoup.nodes.ElementTest" name="testPrependNewHtml" time="0"/>
  <testcase classname="org.jsoup.nodes.ElementTest" name="testRemovingEmptyClassAttributeWhenLastClassRemoved" time="0"/>
  <testcase classname="org.jsoup.nodes.ElementTest" name="testBrHasSpace" time="0.001"/>
  <testcase classname="org.jsoup.nodes.ElementTest" name="testKeepsPreText" time="0"/>
  <testcase classname="org.jsoup.nodes.ElementTest" name="testNotPretty" time="0"/>
  <testcase classname="org.jsoup.nodes.ElementTest" name="testNextElementSiblingAfterClone" time="0"/>
  <testcase classname="org.jsoup.nodes.ElementTest" name="testAppendTo" time="0.001"/>
  <testcase classname="org.jsoup.nodes.ElementTest" name="getNamespacedElementsByTag" time="0"/>
  <testcase classname="org.jsoup.nodes.ElementTest" name="testTraverse" time="0.001"/>
  <testcase classname="org.jsoup.nodes.ElementTest" name="insertChildrenAtPosition" time="0"/>
  <testcase classname="org.jsoup.nodes.ElementTest" name="elementIsNotASiblingOfItself" time="0"/>
</testsuite>